[2023/07/12 13:15:56]
Операция в системе: №1
Операция по карте: №1
Номер карты списания: 4558445885584727
Номер карты зачисления: 4558445885584747
Сумма списания: 500,00 RUR
Комиссия за перевод: 5,00 RUR
Результат операции: ЗАПРОС НА ПЕРЕВОД

[2023/07/12 13:16:00]
Операция в системе: №2
Операция по карте: №2
Номер карты списания: 4558445885584727
Номер карты зачисления: 4558445885584747
Сумма списания: 500,00 RUR
Комиссия за перевод: 5,00 RUR
Результат операции: ЗАПРОС НА ПЕРЕВОД

[2023/07/12 13:16:01]
Операция в системе: №3
Операция по карте: №3
Номер карты списания: 4558445885584727
Номер карты зачисления: 4558445885584747
Сумма списания: 500,00 RUR
Комиссия за перевод: 5,00 RUR
Результат операции: ЗАПРОС НА ПЕРЕВОД

[2023/07/12 13:16:02]
Операция в системе: №4
Операция по карте: №4
Номер карты списания: 4558445885584727
Номер карты зачисления: 4558445885584747
Сумма списания: 500,00 RUR
Комиссия за перевод: 5,00 RUR
Результат операции: ЗАПРОС НА ПЕРЕВОД

[2023/07/12 13:16:19]
Операция в системе: №5
Операция по карте: №1
Номер карты списания: 4558445885584757
Номер карты зачисления: 4558445885584747
Сумма списания: 500,00 RUR
Комиссия за перевод: 5,00 RUR
Результат операции: ЗАПРОС НА ПЕРЕВОД

[2023/07/12 13:16:20]
Операция в системе: №6
Операция по карте: №2
Номер карты списания: 4558445885584757
Номер карты зачисления: 4558445885584747
Сумма списания: 500,00 RUR
Комиссия за перевод: 5,00 RUR
Результат операции: ЗАПРОС НА ПЕРЕВОД

[2023/07/12 13:16:21]
Операция в системе: №7
Операция по карте: №3
Номер карты списания: 4558445885584757
Номер карты зачисления: 4558445885584747
Сумма списания: 500,00 RUR
Комиссия за перевод: 5,00 RUR
Результат операции: ЗАПРОС НА ПЕРЕВОД

[2023/07/12 13:17:55]
Операция в системе: №8
Операция по карте: №4
Номер карты списания: 4558445885584757
Номер карты зачисления: 4558445885584747
Сумма списания: 500,00 RUR
Комиссия за перевод: 5,00 RUR
Результат операции: ЗАПРОС НА ПЕРЕВОД

[2023/07/12 13:18:10]
Операция в системе: №9
Операция по карте: №5
Номер карты списания: 4558445885584757
Номер карты зачисления: 4558445885584737
Сумма списания: 500,00 RUR
Комиссия за перевод: 5,00 RUR
Результат операции: ЗАПРОС НА ПЕРЕВОД

[2023/07/12 13:18:15]
Операция в системе: №10
Операция по карте: №6
Номер карты списания: 4558445885584757
Номер карты зачисления: 455845885584737
Сумма списания: 500,00 RUR
Комиссия за перевод: 5,00 RUR
Результат операции: ЗАПРОС НА ПЕРЕВОД

[2023/07/12 13:18:17]
Операция в системе: №11
Операция по карте: №7
Номер карты списания: 4558445885584757
Номер карты зачисления: 455845885584737
Сумма списания: 500,00 RUR
Комиссия за перевод: 5,00 RUR
Результат операции: ЗАПРОС НА ПЕРЕВОД

[2023/07/12 13:18:22]
Операция в системе: №12
Операция по карте: №8
Номер карты списания: 4558445885584757
Номер карты зачисления: 
Сумма списания: 500,00 RUR
Комиссия за перевод: 5,00 RUR
Результат операции: ЗАПРОС НА ПЕРЕВОД

[2023/07/12 13:18:23]
Операция в системе: №13
Операция по карте: №9
Номер карты списания: 4558445885584757
Номер карты зачисления: 
Сумма списания: 500,00 RUR
Комиссия за перевод: 5,00 RUR
Результат операции: ЗАПРОС НА ПЕРЕВОД

[2023/07/12 13:22:38]
Операция в системе: №1
Операция по карте: №1
Номер карты списания: 4558445885558757
Номер карты зачисления: 4558445885584757
Сумма списания: 5000,00 RUR
Комиссия за перевод: 5000,00 RUR
Результат операции: НЕДОСТАТОЧНО СРЕДСТВ ДЛЯ ОПЕРАЦИИ

[2023/07/12 13:22:42]
Операция в системе: №2
Операция по карте: №2
Номер карты списания: 4558445885558757
Номер карты зачисления: 4558445885584757
Сумма списания: 5000,00 RUR
Комиссия за перевод: 5000,00 RUR
Результат операции: НЕДОСТАТОЧНО СРЕДСТВ ДЛЯ ОПЕРАЦИИ

[2023/07/12 13:22:47]
Операция в системе: №3
Операция по карте: №3
Номер карты списания: 4558445885558757
Номер карты зачисления: 4558445885584757
Сумма списания: 5000,00 RUR
Комиссия за перевод: 5000,00 RUR
Результат операции: НЕДОСТАТОЧНО СРЕДСТВ ДЛЯ ОПЕРАЦИИ

[2023/07/12 13:22:50]
Операция в системе: №4
Операция по карте: №4
Номер карты списания: 4558445885558757
Номер карты зачисления: 4558445885584757
Сумма списания: 5000,00 RUR
Комиссия за перевод: 5000,00 RUR
Результат операции: НЕДОСТАТОЧНО СРЕДСТВ ДЛЯ ОПЕРАЦИИ

[2023/07/12 13:22:53]
Операция в системе: №5
Операция по карте: №5
Номер карты списания: 4558445885558757
Номер карты зачисления: 4558445885584757
Сумма списания: 5000,00 RUR
Комиссия за перевод: 5000,00 RUR
Результат операции: НЕДОСТАТОЧНО СРЕДСТВ ДЛЯ ОПЕРАЦИИ

[2023/07/12 13:26:15]
Операция в системе: №1
Операция по карте: №1
Номер карты списания: 4558445885558757
Номер карты зачисления: 4558445885584757
Сумма списания: 0,50 RUR
Комиссия за перевод: 0,01 RUR
Результат операции: ЗАПРОС НА ПЕРЕВОД

[2023/07/12 13:26:17]
Операция в системе: №2
Операция по карте: №2
Номер карты списания: 4558445885558757
Номер карты зачисления: 4558445885584757
Сумма списания: 0,50 RUR
Комиссия за перевод: 0,01 RUR
Результат операции: ЗАПРОС НА ПЕРЕВОД

[2023/07/12 13:26:43]
Операция в системе: №3
Операция по карте: №3
Номер карты списания: 4558445885558757
Номер карты зачисления: 4558445885584757
Сумма списания: 500,00 RUR
Комиссия за перевод: 5,00 RUR
Результат операции: ЗАПРОС НА ПЕРЕВОД

[2023/07/12 13:26:47]
Операция в системе: №4
Операция по карте: №4
Номер карты списания: 4558445885558757
Номер карты зачисления: 4558445885584757
Сумма списания: 500,00 RUR
Комиссия за перевод: 5,00 RUR
Результат операции: ЗАПРОС НА ПЕРЕВОД

[2023/07/12 13:52:29]
Операция в системе: №1
Операция по карте: №1
Номер карты списания: 4558445885558757
Номер карты зачисления: 4558445885584757
Сумма списания: 500,00 RUR
Комиссия за перевод: 5,00 RUR
Результат операции: ЗАПРОС НА ПЕРЕВОД

[2023/07/12 14:02:26]
Операция в системе: №1
Операция по карте: №1
Номер карты списания: 4558445885558757
Номер карты зачисления: 4558445885584757
Сумма списания: 500,00 RUR
Комиссия за перевод: 5,00 RUR
Результат операции: ЗАПРОС НА ПЕРЕВОД

[2023/07/12 14:02:28]
Операция в системе: №2
Операция по карте: №2
Номер карты списания: 4558445885558757
Номер карты зачисления: 4558445885584757
Сумма списания: 500,00 RUR
Комиссия за перевод: 5,00 RUR
Результат операции: ЗАПРОС НА ПЕРЕВОД

[2023/07/12 14:02:29]
Операция в системе: №3
Операция по карте: №3
Номер карты списания: 4558445885558757
Номер карты зачисления: 4558445885584757
Сумма списания: 500,00 RUR
Комиссия за перевод: 5,00 RUR
Результат операции: ЗАПРОС НА ПЕРЕВОД

[2023/07/12 14:02:29]
Операция в системе: №4
Операция по карте: №4
Номер карты списания: 4558445885558757
Номер карты зачисления: 4558445885584757
Сумма списания: 500,00 RUR
Комиссия за перевод: 5,00 RUR
Результат операции: ЗАПРОС НА ПЕРЕВОД

[2023/07/12 14:02:30]
Операция в системе: №5
Операция по карте: №5
Номер карты списания: 4558445885558757
Номер карты зачисления: 4558445885584757
Сумма списания: 500,00 RUR
Комиссия за перевод: 5,00 RUR
Результат операции: ЗАПРОС НА ПЕРЕВОД

[2023/07/12 14:02:31]
Операция в системе: №6
Операция по карте: №6
Номер карты списания: 4558445885558757
Номер карты зачисления: 4558445885584757
Сумма списания: 500,00 RUR
Комиссия за перевод: 5,00 RUR
Результат операции: ЗАПРОС НА ПЕРЕВОД

[2023/07/12 14:02:32]
Операция в системе: №7
Операция по карте: №7
Номер карты списания: 4558445885558757
Номер карты зачисления: 4558445885584757
Сумма списания: 500,00 RUR
Комиссия за перевод: 5,00 RUR
Результат операции: ЗАПРОС НА ПЕРЕВОД

[2023/07/12 14:02:33]
Операция в системе: №8
Операция по карте: №8
Номер карты списания: 4558445885558757
Номер карты зачисления: 4558445885584757
Сумма списания: 500,00 RUR
Комиссия за перевод: 5,00 RUR
Результат операции: ЗАПРОС НА ПЕРЕВОД

[2023/07/12 14:02:34]
Операция в системе: №9
Операция по карте: №9
Номер карты списания: 4558445885558757
Номер карты зачисления: 4558445885584757
Сумма списания: 500,00 RUR
Комиссия за перевод: 5,00 RUR
Результат операции: ЗАПРОС НА ПЕРЕВОД

[2023/07/12 14:02:35]
Операция в системе: №10
Операция по карте: №10
Номер карты списания: 4558445885558757
Номер карты зачисления: 4558445885584757
Сумма списания: 500,00 RUR
Комиссия за перевод: 5,00 RUR
Результат операции: ЗАПРОС НА ПЕРЕВОД

[2023/07/12 14:02:36]
Операция в системе: №11
Операция по карте: №11
Номер карты списания: 4558445885558757
Номер карты зачисления: 4558445885584757
Сумма списания: 500,00 RUR
Комиссия за перевод: 5,00 RUR
Результат операции: ЗАПРОС НА ПЕРЕВОД

[2023/07/12 14:02:36]
Операция в системе: №12
Операция по карте: №12
Номер карты списания: 4558445885558757
Номер карты зачисления: 4558445885584757
Сумма списания: 500,00 RUR
Комиссия за перевод: 5,00 RUR
Результат операции: ЗАПРОС НА ПЕРЕВОД

[2023/07/12 15:56:19]
Операция в системе: №13
Операция по карте: №13
Номер карты списания: 4558445885558757
Номер карты зачисления: 4558445885584757
Сумма списания: 500,00 RUR
Комиссия за перевод: 5,00 RUR
Результат операции: ЗАПРОС НА ПЕРЕВОД

[2023/07/12 15:56:20]
Операция в системе: №14
Операция по карте: №14
Номер карты списания: 4558445885558757
Номер карты зачисления: 4558445885584757
Сумма списания: 500,00 RUR
Комиссия за перевод: 5,00 RUR
Результат операции: ЗАПРОС НА ПЕРЕВОД

[2023/07/12 15:56:39]
Операция в системе: №15
Операция по карте: №1
Номер карты списания: 45584885558757
Номер карты зачисления: 4558445885584757
Сумма списания: 500,00 RUR
Комиссия за перевод: 5,00 RUR
Результат операции: ЗАПРОС НА ПЕРЕВОД

[2023/07/12 15:56:45]
Операция в системе: №16
Операция по карте: №2
Номер карты списания: 45584885558757
Номер карты зачисления: 4558445885584757
Сумма списания: 500,00 RUR
Комиссия за перевод: 5,00 RUR
Результат операции: ЗАПРОС НА ПЕРЕВОД

[2023/07/12 15:56:46]
Операция в системе: №17
Операция по карте: №3
Номер карты списания: 45584885558757
Номер карты зачисления: 4558445885584757
Сумма списания: 500,00 RUR
Комиссия за перевод: 5,00 RUR
Результат операции: ЗАПРОС НА ПЕРЕВОД

[2023/07/12 16:01:59]
Операция в системе: №18
Операция по карте: №1
Номер карты списания: 4558445885584747
Номер карты зачисления: 4558445885585555
Сумма списания: 500,00 RUR
Комиссия за перевод: 5,00 RUR
Результат операции: ЗАПРОС НА ПЕРЕВОД

[2023/07/12 16:02:17]
Операция в системе: №19
Операция по карте: №2
Номер карты списания: 4558445885584747
Номер карты зачисления: 4558445885585555
Сумма списания: 5000000000,00 RUR
Комиссия за перевод: 50000000,00 RUR
Результат операции: НЕДОСТАТОЧНО СРЕДСТВ ДЛЯ ОПЕРАЦИИ

[2023/07/12 17:09:02]
Операция в системе: №1
Операция по карте: №1
Номер карты списания: 45584885558757
Номер карты зачисления: 4558445885584757
Сумма списания: 500,00 RUR
Комиссия за перевод: 5,00 RUR
Результат операции: ЗАПРОС НА ПЕРЕВОД

[2023/07/12 17:09:16]
Операция в системе: №2
Операция по карте: №2
Номер карты списания: 45584885558757
Номер карты зачисления: 4558445885584757
Сумма списания: 500,00 RUR
Комиссия за перевод: 5,00 RUR
Результат операции: ЗАПРОС НА ПЕРЕВОД

[2023/07/12 17:17:40]
Операция в системе: №1
Операция по карте: №1
Номер карты списания: 45584885558757
Номер карты зачисления: 4558488555877
Сумма списания: 500,00 RUR
Комиссия за перевод: 5,00 RUR
Результат операции: ЗАПРОС НА ПЕРЕВОД

[2023/07/12 17:17:41]
Операция в системе: №2
Операция по карте: №2
Номер карты списания: 45584885558757
Номер карты зачисления: 4558488555877
Сумма списания: 500,00 RUR
Комиссия за перевод: 5,00 RUR
Результат операции: ЗАПРОС НА ПЕРЕВОД

[2023/07/12 17:17:42]
Операция в системе: №3
Операция по карте: №3
Номер карты списания: 45584885558757
Номер карты зачисления: 4558488555877
Сумма списания: 500,00 RUR
Комиссия за перевод: 5,00 RUR
Результат операции: ЗАПРОС НА ПЕРЕВОД

[2023/07/12 17:17:46]
Операция в системе: №4
Операция по карте: №4
Номер карты списания: 45584885558757
Номер карты зачисления: 4558488555877
Сумма списания: 500000,00 RUR
Комиссия за перевод: 5000,00 RUR
Результат операции: НЕДОСТАТОЧНО СРЕДСТВ ДЛЯ ОПЕРАЦИИ

[2023/07/12 17:17:48]
Операция в системе: №5
Операция по карте: №5
Номер карты списания: 45584885558757
Номер карты зачисления: 4558488555877
Сумма списания: 500000,00 RUR
Комиссия за перевод: 5000,00 RUR
Результат операции: НЕДОСТАТОЧНО СРЕДСТВ ДЛЯ ОПЕРАЦИИ

[2023/07/12 17:18:00]
Операция в системе: №6
Операция по карте: №6
Номер карты списания: 45584885558757
Номер карты зачисления: 4558488555877
Сумма списания: 5000,00 RUR
Комиссия за перевод: 50,00 RUR
Результат операции: НЕДОСТАТОЧНО СРЕДСТВ ДЛЯ ОПЕРАЦИИ

[2023/07/13 14:18:51]
Операция в системе: №1
Операция по карте: №1
Номер карты списания: 45584885558757
Номер карты зачисления: 4558488555877
Сумма списания: 5000,00 RUR
Комиссия за перевод: 50,00 RUR
Результат операции: The operation was successful.

[2023/07/13 14:19:08]
Операция в системе: №2
Операция по карте: №2
Номер карты списания: 45584885558757
Номер карты зачисления: 4558488555877
Сумма списания: 5000,00 RUR
Комиссия за перевод: 50,00 RUR
Результат операции: The operation was successful.

[2023/07/13 14:19:10]
Операция в системе: №3
Операция по карте: №3
Номер карты списания: 45584885558757
Номер карты зачисления: 4558488555877
Сумма списания: 5000,00 RUR
Комиссия за перевод: 50,00 RUR
Результат операции: The operation was successful.

[2023/07/13 14:19:35]
Операция в системе: №4
Операция по карте: №4
Номер карты списания: 45584885558757
Номер карты зачисления: 45584885557
Сумма списания: 5000,00 RUR
Комиссия за перевод: 50,00 RUR
Результат операции: The operation was successful.

[2023/07/13 14:20:08]
Операция в системе: №5
Операция по карте: №5
Номер карты списания: 45584885558757
Номер карты зачисления: 45584885g558757
Сумма списания: 50000000,00 RUR
Комиссия за перевод: 500000,00 RUR
Результат операции: The operation is impossible. Low balance.

[2023/07/13 14:20:14]
Операция в системе: №6
Операция по карте: №6
Номер карты списания: 45584885558757
Номер карты зачисления: 45584885g558757
Сумма списания: 500000,00 RUR
Комиссия за перевод: 5000,00 RUR
Результат операции: The operation was successful.

[2023/07/13 14:20:21]
Операция в системе: №7
Операция по карте: №7
Номер карты списания: 45584885558757
Номер карты зачисления: 45584885g558757
Сумма списания: 5000000,00 RUR
Комиссия за перевод: 50000,00 RUR
Результат операции: The operation is impossible. Low balance.

[2023/07/13 14:53:48]
Операция в системе: №1
Операция по карте: №1
Номер карты списания: 45584885558757
Номер карты зачисления: 45584885g558757
Сумма списания: 5000000,00 RUR
Комиссия за перевод: 50000,00 RUR
Остаток по карте: null
Результат операции: The operation is impossible. Low balance.

[2023/07/13 15:04:32]
Операция в системе: №1
Операция по карте: №1
Номер карты списания: 45584885558757
Номер карты зачисления: 45584885g558757
Сумма списания: 500000,00 RUR
Комиссия за перевод: 5000,00 RUR
Остаток по карте: 49500000
Результат операции: The operation was successful.

[2023/07/13 15:04:40]
Операция в системе: №2
Операция по карте: №2
Номер карты списания: 45584885558757
Номер карты зачисления: 45584885g558757
Сумма списания: 500000,00 RUR
Комиссия за перевод: 5000,00 RUR
Остаток по карте: 49500000
Результат операции: The operation was successful.

[2023/07/13 15:04:42]
Операция в системе: №3
Операция по карте: №3
Номер карты списания: 45584885558757
Номер карты зачисления: 45584885g558757
Сумма списания: 500000,00 RUR
Комиссия за перевод: 5000,00 RUR
Остаток по карте: 49500000
Результат операции: The operation was successful.

[2023/07/13 15:04:44]
Операция в системе: №4
Операция по карте: №4
Номер карты списания: 45584885558757
Номер карты зачисления: 45584885g558757
Сумма списания: 500000,00 RUR
Комиссия за перевод: 5000,00 RUR
Остаток по карте: 49500000
Результат операции: The operation was successful.

[2023/07/13 15:04:45]
Операция в системе: №5
Операция по карте: №5
Номер карты списания: 45584885558757
Номер карты зачисления: 45584885g558757
Сумма списания: 500000,00 RUR
Комиссия за перевод: 5000,00 RUR
Остаток по карте: 49500000
Результат операции: The operation was successful.

[2023/07/13 15:04:47]
Операция в системе: №6
Операция по карте: №6
Номер карты списания: 45584885558757
Номер карты зачисления: 45584885g558757
Сумма списания: 500000,00 RUR
Комиссия за перевод: 5000,00 RUR
Остаток по карте: 49500000
Результат операции: The operation was successful.

[2023/07/13 15:04:48]
Операция в системе: №7
Операция по карте: №7
Номер карты списания: 45584885558757
Номер карты зачисления: 45584885g558757
Сумма списания: 500000,00 RUR
Комиссия за перевод: 5000,00 RUR
Остаток по карте: 49500000
Результат операции: The operation was successful.

[2023/07/13 15:04:50]
Операция в системе: №8
Операция по карте: №8
Номер карты списания: 45584885558757
Номер карты зачисления: 45584885g558757
Сумма списания: 500000,00 RUR
Комиссия за перевод: 5000,00 RUR
Остаток по карте: 49500000
Результат операции: The operation was successful.

[2023/07/13 15:06:26]
Операция в системе: №1
Операция по карте: №1
Номер карты списания: 45584885558757
Номер карты зачисления: 45584885g558757
Сумма списания: 500000,00 RUR
Комиссия за перевод: 5000,00 RUR
Остаток по карте: 49500000
Результат операции: The operation was successful.

[2023/07/13 15:06:29]
Операция в системе: №2
Операция по карте: №2
Номер карты списания: 45584885558757
Номер карты зачисления: 45584885g558757
Сумма списания: 500000,00 RUR
Комиссия за перевод: 5000,00 RUR
Остаток по карте: 49500000
Результат операции: The operation was successful.

[2023/07/13 15:06:30]
Операция в системе: №3
Операция по карте: №3
Номер карты списания: 45584885558757
Номер карты зачисления: 45584885g558757
Сумма списания: 500000,00 RUR
Комиссия за перевод: 5000,00 RUR
Остаток по карте: 49500000
Результат операции: The operation was successful.

[2023/07/13 15:06:32]
Операция в системе: №4
Операция по карте: №4
Номер карты списания: 45584885558757
Номер карты зачисления: 45584885g558757
Сумма списания: 500000,00 RUR
Комиссия за перевод: 5000,00 RUR
Остаток по карте: 49500000
Результат операции: The operation was successful.

[2023/07/13 15:06:38]
Операция в системе: №5
Операция по карте: №5
Номер карты списания: 45584885558757
Номер карты зачисления: 45584885g558757
Сумма списания: 500000,00 RUR
Комиссия за перевод: 5000,00 RUR
Остаток по карте: 49500000
Результат операции: The operation was successful.

[2023/07/13 15:06:40]
Операция в системе: №6
Операция по карте: №6
Номер карты списания: 45584885558757
Номер карты зачисления: 45584885g558757
Сумма списания: 500000,00 RUR
Комиссия за перевод: 5000,00 RUR
Остаток по карте: 49500000
Результат операции: The operation was successful.

[2023/07/13 15:06:46]
Операция в системе: №7
Операция по карте: №7
Номер карты списания: 45584885558757
Номер карты зачисления: 45584885g558757
Сумма списания: 5000000,00 RUR
Комиссия за перевод: 50000,00 RUR
Остаток по карте: null
Результат операции: The operation is impossible. Low balance.

[2023/07/13 15:06:56]
Операция в системе: №8
Операция по карте: №8
Номер карты списания: 45584885558757
Номер карты зачисления: 45584885g558757
Сумма списания: 500000,00 RUR
Комиссия за перевод: 5000,00 RUR
Остаток по карте: 49500000
Результат операции: The operation was successful.

[2023/07/13 15:07:56]
Операция в системе: №9
Операция по карте: №9
Номер карты списания: 45584885558757
Номер карты зачисления: 45584885g558757
Сумма списания: 500000,00 RUR
Комиссия за перевод: 5000,00 RUR
Остаток по карте: 49500000
Результат операции: The operation was successful.

[2023/07/13 15:09:09]
Операция в системе: №10
Операция по карте: №10
Номер карты списания: 45584885558757
Номер карты зачисления: 45584885g558757
Сумма списания: 500000,00 RUR
Комиссия за перевод: 5000,00 RUR
Остаток по карте: 49500000
Результат операции: The operation was successful.

[2023/07/13 15:10:53]
Операция в системе: №11
Операция по карте: №11
Номер карты списания: 45584885558757
Номер карты зачисления: 45584885g558757
Сумма списания: 500000,00 RUR
Комиссия за перевод: 5000,00 RUR
Остаток по карте: 49500000
Результат операции: The operation was successful.

[2023/07/13 15:11:03]
Операция в системе: №12
Операция по карте: №12
Номер карты списания: 45584885558757
Номер карты зачисления: 45584885g558757
Сумма списания: 500000,00 RUR
Комиссия за перевод: 5000,00 RUR
Остаток по карте: 49500000
Результат операции: The operation was successful.

[2023/07/13 15:11:18]
Операция в системе: №13
Операция по карте: №13
Номер карты списания: 45584885558757
Номер карты зачисления: 45584885g558757
Сумма списания: 500000,00 RUR
Комиссия за перевод: 5000,00 RUR
Остаток по карте: 49500000
Результат операции: The operation was successful.

[2023/07/13 15:12:43]
Операция в системе: №1
Операция по карте: №1
Номер карты списания: 45584885558757
Номер карты зачисления: 45584885g558757
Сумма списания: 500000,00 RUR
Комиссия за перевод: 5000,00 RUR
Остаток по карте: 49500000
Результат операции: The operation was successful.

[2023/07/13 15:12:45]
Операция в системе: №2
Операция по карте: №2
Номер карты списания: 45584885558757
Номер карты зачисления: 45584885g558757
Сумма списания: 500000,00 RUR
Комиссия за перевод: 5000,00 RUR
Остаток по карте: 49500000
Результат операции: The operation was successful.

[2023/07/13 15:12:46]
Операция в системе: №3
Операция по карте: №3
Номер карты списания: 45584885558757
Номер карты зачисления: 45584885g558757
Сумма списания: 500000,00 RUR
Комиссия за перевод: 5000,00 RUR
Остаток по карте: 49500000
Результат операции: The operation was successful.

[2023/07/13 15:12:47]
Операция в системе: №4
Операция по карте: №4
Номер карты списания: 45584885558757
Номер карты зачисления: 45584885g558757
Сумма списания: 500000,00 RUR
Комиссия за перевод: 5000,00 RUR
Остаток по карте: 49500000
Результат операции: The operation was successful.

[2023/07/13 15:12:49]
Операция в системе: №5
Операция по карте: №5
Номер карты списания: 45584885558757
Номер карты зачисления: 45584885g558757
Сумма списания: 500000,00 RUR
Комиссия за перевод: 5000,00 RUR
Остаток по карте: 49500000
Результат операции: The operation was successful.

[2023/07/13 15:12:50]
Операция в системе: №6
Операция по карте: №6
Номер карты списания: 45584885558757
Номер карты зачисления: 45584885g558757
Сумма списания: 500000,00 RUR
Комиссия за перевод: 5000,00 RUR
Остаток по карте: 49500000
Результат операции: The operation was successful.

[2023/07/13 15:12:52]
Операция в системе: №7
Операция по карте: №7
Номер карты списания: 45584885558757
Номер карты зачисления: 45584885g558757
Сумма списания: 500000,00 RUR
Комиссия за перевод: 5000,00 RUR
Остаток по карте: 49500000
Результат операции: The operation was successful.

[2023/07/13 16:19:19]
Операция в системе: №1
Операция по карте: №1
Номер карты списания: 45584885558757
Номер карты зачисления: 45584885g558757
Сумма списания: 500000,00 RUR
Комиссия за перевод: 5000,00 RUR
Остаток по карте: 49500000
Результат операции: The operation was successful.

[2023/07/13 16:21:39]
Операция в системе: №2
Операция по карте: №2
Номер карты списания: 45584885558757
Номер карты зачисления: 45584885g558757
Сумма списания: 500000,00 RUR
Комиссия за перевод: 5000,00 RUR
Остаток по карте: 49500000
Результат операции: The operation was successful.

[2023/07/13 16:22:23]
Операция в системе: №3
Операция по карте: №3
Номер карты списания: 45584885558757
Номер карты зачисления: 45584885g558757
Сумма списания: 500000,00 RUR
Комиссия за перевод: 5000,00 RUR
Остаток по карте: 49500000
Результат операции: The operation was successful.

[2023/07/13 16:24:17]
Операция в системе: №1
Операция по карте: №1
Номер карты списания: 45584885558757
Номер карты зачисления: 45584885g558757
Сумма списания: 500000,00 RUR
Комиссия за перевод: 5000,00 RUR
Остаток по карте: 49500000
Результат операции: The operation was successful.

[2023/07/13 16:28:27]
Операция в системе: №2
Операция по карте: №2
Номер карты списания: 45584885558757
Номер карты зачисления: 45584885g558757
Сумма списания: 500000,00 RUR
Комиссия за перевод: 5000,00 RUR
Остаток по карте: 49500000
Результат операции: The operation was successful.

[2023/07/13 16:34:32]
Операция в системе: №1
Операция по карте: №1
Номер карты списания: 45584885558757
Номер карты зачисления: 45584885g558757
Сумма списания: 500000,00 RUR
Комиссия за перевод: 5000,00 RUR
Остаток по карте: 49500000
Результат операции: The operation was successful.

[2023/07/13 16:38:48]
Операция в системе: №2
Операция по карте: №2
Номер карты списания: 45584885558757
Номер карты зачисления: 45584885g558757
Сумма списания: 500000,00 RUR
Комиссия за перевод: 5000,00 RUR
Остаток по карте: 49500000
Результат операции: The operation was successful.

[2023/07/13 16:41:38]
Операция в системе: №1
Операция по карте: №1
Номер карты списания: 45584885558757
Номер карты зачисления: 45584885g558757
Сумма списания: 500000,00 RUR
Комиссия за перевод: 5000,00 RUR
Остаток по карте: 49500000
Результат операции: The operation was successful.

[2023/07/13 16:42:20]
Операция в системе: №2
Операция по карте: №2
Номер карты списания: 45584885558757
Номер карты зачисления: 45584885g558757
Сумма списания: 500000,00 RUR
Комиссия за перевод: 5000,00 RUR
Остаток по карте: null
Результат операции: The operation is impossible. Low balance.

[2023/07/13 16:42:49]
Операция в системе: №3
Операция по карте: №3
Номер карты списания: 45584885558757
Номер карты зачисления: 45584885g558757
Сумма списания: 500000,00 RUR
Комиссия за перевод: 5000,00 RUR
Остаток по карте: null
Результат операции: The operation is impossible. Low balance.

[2023/07/13 16:46:06]
Операция в системе: №1
Операция по карте: №1
Номер карты списания: 4558488555875
Номер карты зачисления: 45584885g558757
Сумма списания: 500000,00 RUR
Комиссия за перевод: 5000,00 RUR
Остаток по карте: 49500000
Результат операции: The operation was successful.

[2023/07/13 16:47:23]
Операция в системе: №2
Операция по карте: №2
Номер карты списания: 4558488555875
Номер карты зачисления: 45584885g558757
Сумма списания: 500000,00 RUR
Комиссия за перевод: 5000,00 RUR
Остаток по карте: 49500000
Результат операции: The operation was successful.

[2023/07/13 16:48:07]
Операция в системе: №1
Операция по карте: №1
Номер карты списания: 4558488555875
Номер карты зачисления: 45584885g558757
Сумма списания: 500000,00 RUR
Комиссия за перевод: 5000,00 RUR
Остаток по карте: 49500000
Результат операции: The operation was successful.

[2023/07/13 16:48:47]
Операция в системе: №2
Операция по карте: №2
Номер карты списания: 4558488555875
Номер карты зачисления: 45584885g558757
Сумма списания: 500000,00 RUR
Комиссия за перевод: 5000,00 RUR
Остаток по карте: null
Результат операции: The operation is impossible. Low balance.

[2023/07/13 16:49:36]
Операция в системе: №1
Операция по карте: №1
Номер карты списания: 4558488555875
Номер карты зачисления: 45584885g558757
Сумма списания: 50000,00 RUR
Комиссия за перевод: 500,00 RUR
Остаток по карте: 94950000
Результат операции: The operation was successful.

[2023/07/13 16:50:14]
Операция в системе: №2
Операция по карте: №2
Номер карты списания: 4558488555875
Номер карты зачисления: 45584885g558757
Сумма списания: 50000,00 RUR
Комиссия за перевод: 500,00 RUR
Остаток по карте: 89900000
Результат операции: The operation was successful.

[2023/07/13 16:50:43]
Операция в системе: №3
Операция по карте: №3
Номер карты списания: 4558488555875
Номер карты зачисления: 45584885g558757
Сумма списания: 50000,00 RUR
Комиссия за перевод: 500,00 RUR
Остаток по карте: 84850000
Результат операции: The operation was successful.

[2023/07/13 16:50:58]
Операция в системе: №1
Операция по карте: №1
Номер карты списания: 4558488555875
Номер карты зачисления: 45584885g558757
Сумма списания: 50000,00 RUR
Комиссия за перевод: 500,00 RUR
Остаток по карте: 94950000
Результат операции: The operation was successful.

[2023/07/13 16:51:00]
Операция в системе: №2
Операция по карте: №2
Номер карты списания: 4558488555875
Номер карты зачисления: 45584885g558757
Сумма списания: 50000,00 RUR
Комиссия за перевод: 500,00 RUR
Остаток по карте: 89900000
Результат операции: The operation was successful.

[2023/07/13 16:51:01]
Операция в системе: №3
Операция по карте: №3
Номер карты списания: 4558488555875
Номер карты зачисления: 45584885g558757
Сумма списания: 50000,00 RUR
Комиссия за перевод: 500,00 RUR
Остаток по карте: 84850000
Результат операции: The operation was successful.

[2023/07/13 16:51:02]
Операция в системе: №4
Операция по карте: №4
Номер карты списания: 4558488555875
Номер карты зачисления: 45584885g558757
Сумма списания: 50000,00 RUR
Комиссия за перевод: 500,00 RUR
Остаток по карте: 79800000
Результат операции: The operation was successful.

[2023/07/13 16:51:02]
Операция в системе: №5
Операция по карте: №5
Номер карты списания: 4558488555875
Номер карты зачисления: 45584885g558757
Сумма списания: 50000,00 RUR
Комиссия за перевод: 500,00 RUR
Остаток по карте: 74750000
Результат операции: The operation was successful.

[2023/07/13 16:51:03]
Операция в системе: №6
Операция по карте: №6
Номер карты списания: 4558488555875
Номер карты зачисления: 45584885g558757
Сумма списания: 50000,00 RUR
Комиссия за перевод: 500,00 RUR
Остаток по карте: 69700000
Результат операции: The operation was successful.

[2023/07/13 16:51:04]
Операция в системе: №7
Операция по карте: №7
Номер карты списания: 4558488555875
Номер карты зачисления: 45584885g558757
Сумма списания: 50000,00 RUR
Комиссия за перевод: 500,00 RUR
Остаток по карте: 64650000
Результат операции: The operation was successful.

[2023/07/13 16:51:04]
Операция в системе: №8
Операция по карте: №8
Номер карты списания: 4558488555875
Номер карты зачисления: 45584885g558757
Сумма списания: 50000,00 RUR
Комиссия за перевод: 500,00 RUR
Остаток по карте: 59600000
Результат операции: The operation was successful.

[2023/07/13 16:51:05]
Операция в системе: №9
Операция по карте: №9
Номер карты списания: 4558488555875
Номер карты зачисления: 45584885g558757
Сумма списания: 50000,00 RUR
Комиссия за перевод: 500,00 RUR
Остаток по карте: 54550000
Результат операции: The operation was successful.

[2023/07/13 16:51:06]
Операция в системе: №10
Операция по карте: №10
Номер карты списания: 4558488555875
Номер карты зачисления: 45584885g558757
Сумма списания: 50000,00 RUR
Комиссия за перевод: 500,00 RUR
Остаток по карте: 49500000
Результат операции: The operation was successful.

[2023/07/13 16:51:06]
Операция в системе: №11
Операция по карте: №11
Номер карты списания: 4558488555875
Номер карты зачисления: 45584885g558757
Сумма списания: 50000,00 RUR
Комиссия за перевод: 500,00 RUR
Остаток по карте: 44450000
Результат операции: The operation was successful.

[2023/07/13 16:51:07]
Операция в системе: №12
Операция по карте: №12
Номер карты списания: 4558488555875
Номер карты зачисления: 45584885g558757
Сумма списания: 50000,00 RUR
Комиссия за перевод: 500,00 RUR
Остаток по карте: 39400000
Результат операции: The operation was successful.

[2023/07/13 16:51:08]
Операция в системе: №13
Операция по карте: №13
Номер карты списания: 4558488555875
Номер карты зачисления: 45584885g558757
Сумма списания: 50000,00 RUR
Комиссия за перевод: 500,00 RUR
Остаток по карте: 34350000
Результат операции: The operation was successful.

[2023/07/13 16:51:08]
Операция в системе: №14
Операция по карте: №14
Номер карты списания: 4558488555875
Номер карты зачисления: 45584885g558757
Сумма списания: 50000,00 RUR
Комиссия за перевод: 500,00 RUR
Остаток по карте: 29300000
Результат операции: The operation was successful.

[2023/07/13 16:51:09]
Операция в системе: №15
Операция по карте: №15
Номер карты списания: 4558488555875
Номер карты зачисления: 45584885g558757
Сумма списания: 50000,00 RUR
Комиссия за перевод: 500,00 RUR
Остаток по карте: 24250000
Результат операции: The operation was successful.

[2023/07/13 16:51:09]
Операция в системе: №16
Операция по карте: №16
Номер карты списания: 4558488555875
Номер карты зачисления: 45584885g558757
Сумма списания: 50000,00 RUR
Комиссия за перевод: 500,00 RUR
Остаток по карте: 19200000
Результат операции: The operation was successful.

[2023/07/13 16:51:10]
Операция в системе: №17
Операция по карте: №17
Номер карты списания: 4558488555875
Номер карты зачисления: 45584885g558757
Сумма списания: 50000,00 RUR
Комиссия за перевод: 500,00 RUR
Остаток по карте: 14150000
Результат операции: The operation was successful.

[2023/07/13 16:51:10]
Операция в системе: №18
Операция по карте: №18
Номер карты списания: 4558488555875
Номер карты зачисления: 45584885g558757
Сумма списания: 50000,00 RUR
Комиссия за перевод: 500,00 RUR
Остаток по карте: 9100000
Результат операции: The operation was successful.

[2023/07/13 16:51:11]
Операция в системе: №19
Операция по карте: №19
Номер карты списания: 4558488555875
Номер карты зачисления: 45584885g558757
Сумма списания: 50000,00 RUR
Комиссия за перевод: 500,00 RUR
Остаток по карте: 4050000
Результат операции: The operation was successful.

[2023/07/13 16:51:12]
Операция в системе: №20
Операция по карте: №20
Номер карты списания: 4558488555875
Номер карты зачисления: 45584885g558757
Сумма списания: 50000,00 RUR
Комиссия за перевод: 500,00 RUR
Остаток по карте: null
Результат операции: The operation is impossible. Low balance.

[2023/07/13 16:51:12]
Операция в системе: №21
Операция по карте: №21
Номер карты списания: 4558488555875
Номер карты зачисления: 45584885g558757
Сумма списания: 50000,00 RUR
Комиссия за перевод: 500,00 RUR
Остаток по карте: null
Результат операции: The operation is impossible. Low balance.

[2023/07/13 16:51:18]
Операция в системе: №22
Операция по карте: №1
Номер карты списания: 455848855587
Номер карты зачисления: 45584885g558757
Сумма списания: 50000,00 RUR
Комиссия за перевод: 500,00 RUR
Остаток по карте: 94950000
Результат операции: The operation was successful.

[2023/07/13 16:51:20]
Операция в системе: №23
Операция по карте: №2
Номер карты списания: 455848855587
Номер карты зачисления: 45584885g558757
Сумма списания: 50000,00 RUR
Комиссия за перевод: 500,00 RUR
Остаток по карте: 89900000
Результат операции: The operation was successful.

[2023/07/13 16:54:21]
Операция в системе: №1
Операция по карте: №1
Номер карты списания: 455848855587
Номер карты зачисления: 45584885g558757
Сумма списания: 5000000,00 RUR
Комиссия за перевод: 50000,00 RUR
Остаток по карте: 94950000
Результат операции: The operation was successful.

[2023/07/13 16:55:37]
Операция в системе: №1
Операция по карте: №1
Номер карты списания: 455848855587
Номер карты зачисления: 45584885g558757
Сумма списания: 5000000
Комиссия за перевод: RUR
Остаток по карте: 50000
Результат операции: RUR

[2023/07/13 16:56:16]
Операция в системе: №1
Операция по карте: №1
Номер карты списания: 455848855587
Номер карты зачисления: 45584885g558757
Сумма списания: 5000000,00 RUR
Комиссия за перевод: 50000,00 RUR
Остаток по карте: 94950000
Результат операции: The operation was successful.

[2023/07/13 16:56:45]
Операция в системе: №2
Операция по карте: №2
Номер карты списания: 455848855587
Номер карты зачисления: 45584885g558757
Сумма списания: 50000,00 RUR
Комиссия за перевод: 500,00 RUR
Остаток по карте: 94899500
Результат операции: The operation was successful.

[2023/07/13 16:57:21]
Операция в системе: №1
Операция по карте: №1
Номер карты списания: 455848855587
Номер карты зачисления: 45584885g558757
Сумма списания: 50000,000000 RUR
Комиссия за перевод: 500,000000 RUR
Остаток по карте: 99949500
Результат операции: The operation was successful.

[2023/07/13 16:58:07]
Операция в системе: №1
Операция по карте: №1
Номер карты списания: 455848855587
Номер карты зачисления: 45584885g558757
Сумма списания: 50000 RUR
Комиссия за перевод: 500 RUR
Остаток по карте: 99949500
Результат операции: The operation was successful.

[2023/07/13 16:58:10]
Операция в системе: №2
Операция по карте: №2
Номер карты списания: 455848855587
Номер карты зачисления: 45584885g558757
Сумма списания: 50000 RUR
Комиссия за перевод: 500 RUR
Остаток по карте: 99899000
Результат операции: The operation was successful.

[2023/07/13 16:58:15]
Операция в системе: №3
Операция по карте: №3
Номер карты списания: 455848855587
Номер карты зачисления: 45584885g558757
Сумма списания: 50000 RUR
Комиссия за перевод: 500 RUR
Остаток по карте: 99848500
Результат операции: The operation was successful.

[2023/07/13 16:58:16]
Операция в системе: №4
Операция по карте: №4
Номер карты списания: 455848855587
Номер карты зачисления: 45584885g558757
Сумма списания: 50000 RUR
Комиссия за перевод: 500 RUR
Остаток по карте: 99798000
Результат операции: The operation was successful.

[2023/07/13 16:59:08]
Операция в системе: №5
Операция по карте: №5
Номер карты списания: 455848855587
Номер карты зачисления: 45584885g558757
Сумма списания: 50000 RUR
Комиссия за перевод: 500 RUR
Остаток по карте: 99747500
Результат операции: The operation was successful.

[2023/07/13 16:59:09]
Операция в системе: №6
Операция по карте: №6
Номер карты списания: 455848855587
Номер карты зачисления: 45584885g558757
Сумма списания: 50000 RUR
Комиссия за перевод: 500 RUR
Остаток по карте: 99697000
Результат операции: The operation was successful.

[2023/07/13 16:59:10]
Операция в системе: №7
Операция по карте: №7
Номер карты списания: 455848855587
Номер карты зачисления: 45584885g558757
Сумма списания: 50000 RUR
Комиссия за перевод: 500 RUR
Остаток по карте: 99646500
Результат операции: The operation was successful.

[2023/07/13 16:59:15]
Операция в системе: №8
Операция по карте: №8
Номер карты списания: 455848855587
Номер карты зачисления: 45584885g558757
Сумма списания: 50000 RUR
Комиссия за перевод: 500 RUR
Остаток по карте: 99596000
Результат операции: The operation was successful.

[2023/07/13 16:59:16]
Операция в системе: №9
Операция по карте: №9
Номер карты списания: 455848855587
Номер карты зачисления: 45584885g558757
Сумма списания: 50000 RUR
Комиссия за перевод: 500 RUR
Остаток по карте: 99545500
Результат операции: The operation was successful.

[2023/07/13 16:59:26]
Операция в системе: №10
Операция по карте: №10
Номер карты списания: 455848855587
Номер карты зачисления: 45584885g558757
Сумма списания: 5000000 RUR
Комиссия за перевод: 50000 RUR
Остаток по карте: 94495500
Результат операции: The operation was successful.

[2023/07/13 16:59:27]
Операция в системе: №11
Операция по карте: №11
Номер карты списания: 455848855587
Номер карты зачисления: 45584885g558757
Сумма списания: 5000000 RUR
Комиссия за перевод: 50000 RUR
Остаток по карте: 89445500
Результат операции: The operation was successful.

[2023/07/13 16:59:27]
Операция в системе: №12
Операция по карте: №12
Номер карты списания: 455848855587
Номер карты зачисления: 45584885g558757
Сумма списания: 5000000 RUR
Комиссия за перевод: 50000 RUR
Остаток по карте: 84395500
Результат операции: The operation was successful.

[2023/07/13 16:59:28]
Операция в системе: №13
Операция по карте: №13
Номер карты списания: 455848855587
Номер карты зачисления: 45584885g558757
Сумма списания: 5000000 RUR
Комиссия за перевод: 50000 RUR
Остаток по карте: 79345500
Результат операции: The operation was successful.

[2023/07/13 16:59:29]
Операция в системе: №14
Операция по карте: №14
Номер карты списания: 455848855587
Номер карты зачисления: 45584885g558757
Сумма списания: 5000000 RUR
Комиссия за перевод: 50000 RUR
Остаток по карте: 74295500
Результат операции: The operation was successful.

[2023/07/13 16:59:29]
Операция в системе: №15
Операция по карте: №15
Номер карты списания: 455848855587
Номер карты зачисления: 45584885g558757
Сумма списания: 5000000 RUR
Комиссия за перевод: 50000 RUR
Остаток по карте: 69245500
Результат операции: The operation was successful.

[2023/07/13 16:59:30]
Операция в системе: №16
Операция по карте: №16
Номер карты списания: 455848855587
Номер карты зачисления: 45584885g558757
Сумма списания: 5000000 RUR
Комиссия за перевод: 50000 RUR
Остаток по карте: 64195500
Результат операции: The operation was successful.

[2023/07/13 16:59:30]
Операция в системе: №17
Операция по карте: №17
Номер карты списания: 455848855587
Номер карты зачисления: 45584885g558757
Сумма списания: 5000000 RUR
Комиссия за перевод: 50000 RUR
Остаток по карте: 59145500
Результат операции: The operation was successful.

[2023/07/13 16:59:31]
Операция в системе: №18
Операция по карте: №18
Номер карты списания: 455848855587
Номер карты зачисления: 45584885g558757
Сумма списания: 5000000 RUR
Комиссия за перевод: 50000 RUR
Остаток по карте: 54095500
Результат операции: The operation was successful.

[2023/07/13 16:59:32]
Операция в системе: №19
Операция по карте: №19
Номер карты списания: 455848855587
Номер карты зачисления: 45584885g558757
Сумма списания: 5000000 RUR
Комиссия за перевод: 50000 RUR
Остаток по карте: 49045500
Результат операции: The operation was successful.

[2023/07/13 16:59:34]
Операция в системе: №20
Операция по карте: №20
Номер карты списания: 455848855587
Номер карты зачисления: 45584885g558757
Сумма списания: 5000000 RUR
Комиссия за перевод: 50000 RUR
Остаток по карте: 43995500
Результат операции: The operation was successful.

[2023/07/13 16:59:34]
Операция в системе: №21
Операция по карте: №21
Номер карты списания: 455848855587
Номер карты зачисления: 45584885g558757
Сумма списания: 5000000 RUR
Комиссия за перевод: 50000 RUR
Остаток по карте: 38945500
Результат операции: The operation was successful.

[2023/07/13 16:59:35]
Операция в системе: №22
Операция по карте: №22
Номер карты списания: 455848855587
Номер карты зачисления: 45584885g558757
Сумма списания: 5000000 RUR
Комиссия за перевод: 50000 RUR
Остаток по карте: 33895500
Результат операции: The operation was successful.

[2023/07/13 16:59:35]
Операция в системе: №23
Операция по карте: №23
Номер карты списания: 455848855587
Номер карты зачисления: 45584885g558757
Сумма списания: 5000000 RUR
Комиссия за перевод: 50000 RUR
Остаток по карте: 28845500
Результат операции: The operation was successful.

[2023/07/13 16:59:36]
Операция в системе: №24
Операция по карте: №24
Номер карты списания: 455848855587
Номер карты зачисления: 45584885g558757
Сумма списания: 5000000 RUR
Комиссия за перевод: 50000 RUR
Остаток по карте: 23795500
Результат операции: The operation was successful.

[2023/07/13 16:59:37]
Операция в системе: №25
Операция по карте: №25
Номер карты списания: 455848855587
Номер карты зачисления: 45584885g558757
Сумма списания: 5000000 RUR
Комиссия за перевод: 50000 RUR
Остаток по карте: 18745500
Результат операции: The operation was successful.

[2023/07/13 16:59:38]
Операция в системе: №26
Операция по карте: №26
Номер карты списания: 455848855587
Номер карты зачисления: 45584885g558757
Сумма списания: 5000000 RUR
Комиссия за перевод: 50000 RUR
Остаток по карте: 13695500
Результат операции: The operation was successful.

[2023/07/13 16:59:40]
Операция в системе: №27
Операция по карте: №27
Номер карты списания: 455848855587
Номер карты зачисления: 45584885g558757
Сумма списания: 5000000 RUR
Комиссия за перевод: 50000 RUR
Остаток по карте: 8645500
Результат операции: The operation was successful.

[2023/07/13 16:59:40]
Операция в системе: №28
Операция по карте: №28
Номер карты списания: 455848855587
Номер карты зачисления: 45584885g558757
Сумма списания: 5000000 RUR
Комиссия за перевод: 50000 RUR
Остаток по карте: 3595500
Результат операции: The operation was successful.

[2023/07/13 16:59:41]
Операция в системе: №29
Операция по карте: №29
Номер карты списания: 455848855587
Номер карты зачисления: 45584885g558757
Сумма списания: 5000000 RUR
Комиссия за перевод: 50000 RUR
Остаток по карте: null
Результат операции: The operation is impossible. Low balance.

[2023/07/13 16:59:42]
Операция в системе: №30
Операция по карте: №30
Номер карты списания: 455848855587
Номер карты зачисления: 45584885g558757
Сумма списания: 5000000 RUR
Комиссия за перевод: 50000 RUR
Остаток по карте: null
Результат операции: The operation is impossible. Low balance.

[2023/07/13 16:59:44]
Операция в системе: №31
Операция по карте: №31
Номер карты списания: 455848855587
Номер карты зачисления: 45584885g558757
Сумма списания: 5000000 RUR
Комиссия за перевод: 50000 RUR
Остаток по карте: null
Результат операции: The operation is impossible. Low balance.

[2023/07/13 16:59:53]
Операция в системе: №32
Операция по карте: №32
Номер карты списания: 455848855587
Номер карты зачисления: 45584885g558757
Сумма списания: 5000000 RUR
Комиссия за перевод: 50000 RUR
Остаток по карте: null
Результат операции: The operation is impossible. Low balance.

[2023/07/13 17:00:01]
Операция в системе: №33
Операция по карте: №33
Номер карты списания: 455848855587
Номер карты зачисления: 45584885g558757
Сумма списания: 500000 RUR
Комиссия за перевод: 5000 RUR
Остаток по карте: 3090500
Результат операции: The operation was successful.

[2023/07/13 17:00:04]
Операция в системе: №34
Операция по карте: №34
Номер карты списания: 455848855587
Номер карты зачисления: 45584885g558757
Сумма списания: 500000 RUR
Комиссия за перевод: 5000 RUR
Остаток по карте: 2585500
Результат операции: The operation was successful.

[2023/07/13 17:00:05]
Операция в системе: №35
Операция по карте: №35
Номер карты списания: 455848855587
Номер карты зачисления: 45584885g558757
Сумма списания: 500000 RUR
Комиссия за перевод: 5000 RUR
Остаток по карте: 2080500
Результат операции: The operation was successful.

[2023/07/13 17:00:05]
Операция в системе: №36
Операция по карте: №36
Номер карты списания: 455848855587
Номер карты зачисления: 45584885g558757
Сумма списания: 500000 RUR
Комиссия за перевод: 5000 RUR
Остаток по карте: 1575500
Результат операции: The operation was successful.

[2023/07/13 17:00:06]
Операция в системе: №37
Операция по карте: №37
Номер карты списания: 455848855587
Номер карты зачисления: 45584885g558757
Сумма списания: 500000 RUR
Комиссия за перевод: 5000 RUR
Остаток по карте: 1070500
Результат операции: The operation was successful.

[2023/07/13 17:00:07]
Операция в системе: №38
Операция по карте: №38
Номер карты списания: 455848855587
Номер карты зачисления: 45584885g558757
Сумма списания: 500000 RUR
Комиссия за перевод: 5000 RUR
Остаток по карте: 565500
Результат операции: The operation was successful.

[2023/07/13 17:00:08]
Операция в системе: №39
Операция по карте: №39
Номер карты списания: 455848855587
Номер карты зачисления: 45584885g558757
Сумма списания: 500000 RUR
Комиссия за перевод: 5000 RUR
Остаток по карте: 60500
Результат операции: The operation was successful.

[2023/07/13 17:00:09]
Операция в системе: №40
Операция по карте: №40
Номер карты списания: 455848855587
Номер карты зачисления: 45584885g558757
Сумма списания: 500000 RUR
Комиссия за перевод: 5000 RUR
Остаток по карте: null
Результат операции: The operation is impossible. Low balance.

[2023/07/13 17:00:13]
Операция в системе: №41
Операция по карте: №41
Номер карты списания: 455848855587
Номер карты зачисления: 45584885g558757
Сумма списания: 50000 RUR
Комиссия за перевод: 500 RUR
Остаток по карте: 10000
Результат операции: The operation was successful.

[2023/07/13 17:00:14]
Операция в системе: №42
Операция по карте: №42
Номер карты списания: 455848855587
Номер карты зачисления: 45584885g558757
Сумма списания: 50000 RUR
Комиссия за перевод: 500 RUR
Остаток по карте: null
Результат операции: The operation is impossible. Low balance.

[2023/07/13 17:00:17]
Операция в системе: №43
Операция по карте: №43
Номер карты списания: 455848855587
Номер карты зачисления: 45584885g558757
Сумма списания: 500 RUR
Комиссия за перевод: 5 RUR
Остаток по карте: 9495
Результат операции: The operation was successful.

[2023/07/13 17:00:18]
Операция в системе: №44
Операция по карте: №44
Номер карты списания: 455848855587
Номер карты зачисления: 45584885g558757
Сумма списания: 500 RUR
Комиссия за перевод: 5 RUR
Остаток по карте: 8990
Результат операции: The operation was successful.

[2023/07/13 17:00:19]
Операция в системе: №45
Операция по карте: №45
Номер карты списания: 455848855587
Номер карты зачисления: 45584885g558757
Сумма списания: 500 RUR
Комиссия за перевод: 5 RUR
Остаток по карте: 8485
Результат операции: The operation was successful.

[2023/07/13 17:00:20]
Операция в системе: №46
Операция по карте: №46
Номер карты списания: 455848855587
Номер карты зачисления: 45584885g558757
Сумма списания: 500 RUR
Комиссия за перевод: 5 RUR
Остаток по карте: 7980
Результат операции: The operation was successful.

[2023/07/13 17:00:21]
Операция в системе: №47
Операция по карте: №47
Номер карты списания: 455848855587
Номер карты зачисления: 45584885g558757
Сумма списания: 500 RUR
Комиссия за перевод: 5 RUR
Остаток по карте: 7475
Результат операции: The operation was successful.

[2023/07/13 17:00:22]
Операция в системе: №48
Операция по карте: №48
Номер карты списания: 455848855587
Номер карты зачисления: 45584885g558757
Сумма списания: 500 RUR
Комиссия за перевод: 5 RUR
Остаток по карте: 6970
Результат операции: The operation was successful.

[2023/07/13 17:00:22]
Операция в системе: №49
Операция по карте: №49
Номер карты списания: 455848855587
Номер карты зачисления: 45584885g558757
Сумма списания: 500 RUR
Комиссия за перевод: 5 RUR
Остаток по карте: 6465
Результат операции: The operation was successful.

[2023/07/13 17:00:23]
Операция в системе: №50
Операция по карте: №50
Номер карты списания: 455848855587
Номер карты зачисления: 45584885g558757
Сумма списания: 500 RUR
Комиссия за перевод: 5 RUR
Остаток по карте: 5960
Результат операции: The operation was successful.

[2023/07/13 17:00:24]
Операция в системе: №51
Операция по карте: №51
Номер карты списания: 455848855587
Номер карты зачисления: 45584885g558757
Сумма списания: 500 RUR
Комиссия за перевод: 5 RUR
Остаток по карте: 5455
Результат операции: The operation was successful.

[2023/07/13 17:00:24]
Операция в системе: №52
Операция по карте: №52
Номер карты списания: 455848855587
Номер карты зачисления: 45584885g558757
Сумма списания: 500 RUR
Комиссия за перевод: 5 RUR
Остаток по карте: 4950
Результат операции: The operation was successful.

[2023/07/13 17:00:25]
Операция в системе: №53
Операция по карте: №53
Номер карты списания: 455848855587
Номер карты зачисления: 45584885g558757
Сумма списания: 500 RUR
Комиссия за перевод: 5 RUR
Остаток по карте: 4445
Результат операции: The operation was successful.

[2023/07/13 17:00:26]
Операция в системе: №54
Операция по карте: №54
Номер карты списания: 455848855587
Номер карты зачисления: 45584885g558757
Сумма списания: 500 RUR
Комиссия за перевод: 5 RUR
Остаток по карте: 3940
Результат операции: The operation was successful.

[2023/07/13 17:00:26]
Операция в системе: №55
Операция по карте: №55
Номер карты списания: 455848855587
Номер карты зачисления: 45584885g558757
Сумма списания: 500 RUR
Комиссия за перевод: 5 RUR
Остаток по карте: 3435
Результат операции: The operation was successful.

[2023/07/13 17:00:27]
Операция в системе: №56
Операция по карте: №56
Номер карты списания: 455848855587
Номер карты зачисления: 45584885g558757
Сумма списания: 500 RUR
Комиссия за перевод: 5 RUR
Остаток по карте: 2930
Результат операции: The operation was successful.

[2023/07/13 17:00:28]
Операция в системе: №57
Операция по карте: №57
Номер карты списания: 455848855587
Номер карты зачисления: 45584885g558757
Сумма списания: 500 RUR
Комиссия за перевод: 5 RUR
Остаток по карте: 2425
Результат операции: The operation was successful.

[2023/07/13 17:00:28]
Операция в системе: №58
Операция по карте: №58
Номер карты списания: 455848855587
Номер карты зачисления: 45584885g558757
Сумма списания: 500 RUR
Комиссия за перевод: 5 RUR
Остаток по карте: 1920
Результат операции: The operation was successful.

[2023/07/13 17:00:29]
Операция в системе: №59
Операция по карте: №59
Номер карты списания: 455848855587
Номер карты зачисления: 45584885g558757
Сумма списания: 500 RUR
Комиссия за перевод: 5 RUR
Остаток по карте: 1415
Результат операции: The operation was successful.

[2023/07/13 17:00:30]
Операция в системе: №60
Операция по карте: №60
Номер карты списания: 455848855587
Номер карты зачисления: 45584885g558757
Сумма списания: 500 RUR
Комиссия за перевод: 5 RUR
Остаток по карте: 910
Результат операции: The operation was successful.

[2023/07/13 17:00:31]
Операция в системе: №61
Операция по карте: №61
Номер карты списания: 455848855587
Номер карты зачисления: 45584885g558757
Сумма списания: 500 RUR
Комиссия за перевод: 5 RUR
Остаток по карте: 405
Результат операции: The operation was successful.

[2023/07/13 17:00:32]
Операция в системе: №62
Операция по карте: №62
Номер карты списания: 455848855587
Номер карты зачисления: 45584885g558757
Сумма списания: 500 RUR
Комиссия за перевод: 5 RUR
Остаток по карте: null
Результат операции: The operation is impossible. Low balance.

[2023/07/13 17:01:28]
Операция в системе: №63
Операция по карте: №1
Номер карты списания: 4558h48855587
Номер карты зачисления: 45584885g558757
Сумма списания: 500 RUR
Комиссия за перевод: 5 RUR
Остаток по карте: 99999495
Результат операции: The operation was successful.

[2023/07/13 17:19:35]
Операция в системе: №1
Операция по карте: №1
Номер карты списания: 455848855587
Номер карты зачисления: 45584885g558757
Сумма списания: 500 RUR
Комиссия за перевод: 5 RUR
Общая сумма списания: 505 RUR
Остаток по карте: 99999495
Результат операции: The operation was successful.

[2023/07/13 17:19:39]
Операция в системе: №2
Операция по карте: №2
Номер карты списания: 455848855587
Номер карты зачисления: 45584885g558757
Сумма списания: 500 RUR
Комиссия за перевод: 5 RUR
Общая сумма списания: 505 RUR
Остаток по карте: 99998990
Результат операции: The operation was successful.

[2023/07/13 17:19:40]
Операция в системе: №3
Операция по карте: №3
Номер карты списания: 455848855587
Номер карты зачисления: 45584885g558757
Сумма списания: 500 RUR
Комиссия за перевод: 5 RUR
Общая сумма списания: 505 RUR
Остаток по карте: 99998485
Результат операции: The operation was successful.

[2023/07/13 17:19:41]
Операция в системе: №4
Операция по карте: №4
Номер карты списания: 455848855587
Номер карты зачисления: 45584885g558757
Сумма списания: 500 RUR
Комиссия за перевод: 5 RUR
Общая сумма списания: 505 RUR
Остаток по карте: 99997980
Результат операции: The operation was successful.

[2023/07/17 16:38:55]
Операция в системе: №1
Операция по карте: №1
Номер карты списания: 455848855587
Номер карты зачисления: 45584885g558757
Сумма списания: 500 RUR
Комиссия за перевод: 5 RUR
Общая сумма списания: 505 RUR
Остаток по карте: 99999495
Результат операции: The operation was successful.

[2023/07/17 16:40:08]
Операция в системе: №2
Операция по карте: №2
Номер карты списания: 455848855587
Номер карты зачисления: 45584885g558757
Сумма списания: 500 RUR
Комиссия за перевод: 5 RUR
Общая сумма списания: 505 RUR
Остаток по карте: 99998990
Результат операции: The operation was successful.

[2023/07/17 16:41:34]
Операция в системе: №1
Операция по карте: №1
Номер карты списания: 455848855587
Номер карты зачисления: 45584885g558757
Сумма списания: 500 RUR
Комиссия за перевод: 5 RUR
Общая сумма списания: 505 RUR
Остаток по карте: 99999495
Результат операции: The operation was successful.

[2023/07/17 16:41:40]
Операция в системе: №2
Операция по карте: №2
Номер карты списания: 455848855587
Номер карты зачисления: 45584885g558757
Сумма списания: 500 RUR
Комиссия за перевод: 5 RUR
Общая сумма списания: 505 RUR
Остаток по карте: 99998990
Результат операции: The operation was successful.

[2023/07/17 16:42:56]
Операция в системе: №1
Операция по карте: №1
Номер карты списания: 455848855587
Номер карты зачисления: 45584885g558757
Сумма списания: 500 RUR
Комиссия за перевод: 5 RUR
Общая сумма списания: 505 RUR
Остаток по карте: 99999495
Результат операции: The operation was successful.

[2023/07/17 16:48:01]
Операция в системе: №1
Операция по карте: №1
Номер карты списания: 455848855587
Номер карты зачисления: 45584885g558757
Сумма списания: 500 RUR
Комиссия за перевод: 5 RUR
Общая сумма списания: 505 RUR
Остаток по карте: 99999495
Результат операции: The operation was successful.

[2023/07/17 17:21:31]
Операция в системе: №1
Операция по карте: №1
Номер карты списания: 455848855587
Номер карты зачисления: 45584885g558757
Сумма списания: 500 RUR
Комиссия за перевод: 5 RUR
Общая сумма списания: 505 RUR
Остаток по карте: 99999495
Результат операции: The operation was successful.

[2023/07/17 17:21:32]
Операция в системе: №2
Операция по карте: №2
Номер карты списания: 455848855587
Номер карты зачисления: 45584885g558757
Сумма списания: 500 RUR
Комиссия за перевод: 5 RUR
Общая сумма списания: 505 RUR
Остаток по карте: 99998990
Результат операции: The operation was successful.

[2023/07/17 17:21:33]
Операция в системе: №3
Операция по карте: №3
Номер карты списания: 455848855587
Номер карты зачисления: 45584885g558757
Сумма списания: 500 RUR
Комиссия за перевод: 5 RUR
Общая сумма списания: 505 RUR
Остаток по карте: 99998485
Результат операции: The operation was successful.

[2023/07/17 17:21:34]
Операция в системе: №4
Операция по карте: №4
Номер карты списания: 455848855587
Номер карты зачисления: 45584885g558757
Сумма списания: 500 RUR
Комиссия за перевод: 5 RUR
Общая сумма списания: 505 RUR
Остаток по карте: 99997980
Результат операции: The operation was successful.

[2023/07/17 17:24:13]
Операция в системе: №1
Операция по карте: №1
Номер карты списания: 455848855587
Номер карты зачисления: 45584885g558757
Сумма списания: 500 RUR
Комиссия за перевод: 5 RUR
Общая сумма списания: 505 RUR
Остаток по карте: 99999495
Результат операции: The operation was successful.

[2023/07/17 17:24:14]
Операция в системе: №2
Операция по карте: №2
Номер карты списания: 455848855587
Номер карты зачисления: 45584885g558757
Сумма списания: 500 RUR
Комиссия за перевод: 5 RUR
Общая сумма списания: 505 RUR
Остаток по карте: 99998990
Результат операции: The operation was successful.

[2023/07/17 17:24:15]
Операция в системе: №3
Операция по карте: №3
Номер карты списания: 455848855587
Номер карты зачисления: 45584885g558757
Сумма списания: 500 RUR
Комиссия за перевод: 5 RUR
Общая сумма списания: 505 RUR
Остаток по карте: 99998485
Результат операции: The operation was successful.

[2023/07/17 17:24:16]
Операция в системе: №4
Операция по карте: №4
Номер карты списания: 455848855587
Номер карты зачисления: 45584885g558757
Сумма списания: 500 RUR
Комиссия за перевод: 5 RUR
Общая сумма списания: 505 RUR
Остаток по карте: 99997980
Результат операции: The operation was successful.

[2023/07/17 17:24:19]
Операция в системе: №5
Операция по карте: №5
Номер карты списания: 455848855587
Номер карты зачисления: 45584885g558757
Сумма списания: 500 RUR
Комиссия за перевод: 5 RUR
Общая сумма списания: 505 RUR
Остаток по карте: 99997475
Результат операции: The operation was successful.

[2023/07/17 17:24:19]
Операция в системе: №6
Операция по карте: №6
Номер карты списания: 455848855587
Номер карты зачисления: 45584885g558757
Сумма списания: 500 RUR
Комиссия за перевод: 5 RUR
Общая сумма списания: 505 RUR
Остаток по карте: 99997475
Результат операции: The operation was successful.

[2023/07/17 22:23:30]
Операция в системе: №1
Операция по карте: №1
Номер карты списания: 4558445885584747
Номер карты зачисления: 4558445885585555
Сумма списания: 5000 RUR
Комиссия за перевод: 50 RUR
Общая сумма списания: 5050 RUR
Остаток по карте: 99994950
Результат операции: The operation was successful.

[2023/07/17 22:23:31]
Операция в системе: №2
Операция по карте: №2
Номер карты списания: 4558445885584747
Номер карты зачисления: 4558445885585555
Сумма списания: 5000 RUR
Комиссия за перевод: 50 RUR
Общая сумма списания: 5050 RUR
Остаток по карте: 99989900
Результат операции: The operation was successful.

[2023/07/17 22:23:33]
Операция в системе: №3
Операция по карте: №3
Номер карты списания: 4558445885584747
Номер карты зачисления: 4558445885585555
Сумма списания: 5000 RUR
Комиссия за перевод: 50 RUR
Общая сумма списания: 5050 RUR
Остаток по карте: 99984850
Результат операции: The operation was successful.

[2023/07/17 22:23:34]
Операция в системе: №4
Операция по карте: №4
Номер карты списания: 4558445885584747
Номер карты зачисления: 4558445885585555
Сумма списания: 5000 RUR
Комиссия за перевод: 50 RUR
Общая сумма списания: 5050 RUR
Остаток по карте: 99979800
Результат операции: The operation was successful.

[2023/07/17 22:23:39]
Операция в системе: №5
Операция по карте: №5
Номер карты списания: 4558445885584747
Номер карты зачисления: 4558445885585555
Сумма списания: 5000 RUR
Комиссия за перевод: 50 RUR
Общая сумма списания: 5050 RUR
Остаток по карте: 99974750
Результат операции: The operation was successful.

[2023/07/17 22:23:41]
Операция в системе: №6
Операция по карте: №6
Номер карты списания: 4558445885584747
Номер карты зачисления: 4558445885585555
Сумма списания: 5000 RUR
Комиссия за перевод: 50 RUR
Общая сумма списания: 5050 RUR
Остаток по карте: 99969700
Результат операции: The operation was successful.

[2023/07/17 22:23:43]
Операция в системе: №7
Операция по карте: №7
Номер карты списания: 4558445885584747
Номер карты зачисления: 4558445885585555
Сумма списания: 5000 RUR
Комиссия за перевод: 50 RUR
Общая сумма списания: 5050 RUR
Остаток по карте: 99964650
Результат операции: The operation was successful.

[2023/07/17 22:23:46]
Операция в системе: №8
Операция по карте: №8
Номер карты списания: 4558445885584747
Номер карты зачисления: 4558445885585555
Сумма списания: 5000 RUR
Комиссия за перевод: 50 RUR
Общая сумма списания: 5050 RUR
Остаток по карте: 99959600
Результат операции: The operation was successful.

[2023/07/17 22:23:46]
Операция в системе: №9
Операция по карте: №9
Номер карты списания: 4558445885584747
Номер карты зачисления: 4558445885585555
Сумма списания: 5000 RUR
Комиссия за перевод: 50 RUR
Общая сумма списания: 5050 RUR
Остаток по карте: 99954550
Результат операции: The operation was successful.

[2023/07/17 22:23:50]
Операция в системе: №10
Операция по карте: №10
Номер карты списания: 4558445885584747
Номер карты зачисления: 4558445885585555
Сумма списания: 5000 RUR
Комиссия за перевод: 50 RUR
Общая сумма списания: 5050 RUR
Остаток по карте: 99949500
Результат операции: The operation was successful.

[2023/07/17 22:23:51]
Операция в системе: №11
Операция по карте: №11
Номер карты списания: 4558445885584747
Номер карты зачисления: 4558445885585555
Сумма списания: 5000 RUR
Комиссия за перевод: 50 RUR
Общая сумма списания: 5050 RUR
Остаток по карте: 99944450
Результат операции: The operation was successful.

[2023/07/17 22:23:53]
Операция в системе: №12
Операция по карте: №12
Номер карты списания: 4558445885584747
Номер карты зачисления: 4558445885585555
Сумма списания: 5000 RUR
Комиссия за перевод: 50 RUR
Общая сумма списания: 5050 RUR
Остаток по карте: 99939400
Результат операции: The operation was successful.

[2023/07/17 22:23:59]
Операция в системе: №13
Операция по карте: №13
Номер карты списания: 4558445885584747
Номер карты зачисления: 4558445885585555
Сумма списания: 5000 RUR
Комиссия за перевод: 50 RUR
Общая сумма списания: 5050 RUR
Остаток по карте: 99934350
Результат операции: The operation was successful.

[2023/07/17 22:24:00]
Операция в системе: №14
Операция по карте: №14
Номер карты списания: 4558445885584747
Номер карты зачисления: 4558445885585555
Сумма списания: 5000 RUR
Комиссия за перевод: 50 RUR
Общая сумма списания: 5050 RUR
Остаток по карте: 99929300
Результат операции: The operation was successful.

[2023/07/17 22:24:06]
Операция в системе: №15
Операция по карте: №15
Номер карты списания: 4558445885584747
Номер карты зачисления: 4558445885585555
Сумма списания: 5000 RUR
Комиссия за перевод: 50 RUR
Общая сумма списания: 5050 RUR
Остаток по карте: 99924250
Результат операции: The operation was successful.

[2023/07/17 22:32:00]
Операция в системе: №1
Операция по карте: №1
Номер карты списания: 4558445885584747
Номер карты зачисления: 4558445885585555
Сумма списания: 500000 RUR
Комиссия за перевод: 5000 RUR
Общая сумма списания: 505000 RUR
Остаток по карте: 99495000
Результат операции: The operation was successful.

[2023/07/17 22:32:03]
Операция в системе: №2
Операция по карте: №2
Номер карты списания: 4558445885584747
Номер карты зачисления: 4558445885585555
Сумма списания: 500000 RUR
Комиссия за перевод: 5000 RUR
Общая сумма списания: 505000 RUR
Остаток по карте: 98990000
Результат операции: The operation was successful.

[2023/07/17 22:32:04]
Операция в системе: №3
Операция по карте: №3
Номер карты списания: 4558445885584747
Номер карты зачисления: 4558445885585555
Сумма списания: 500000 RUR
Комиссия за перевод: 5000 RUR
Общая сумма списания: 505000 RUR
Остаток по карте: 98485000
Результат операции: The operation was successful.

[2023/07/17 22:32:06]
Операция в системе: №4
Операция по карте: №4
Номер карты списания: 4558445885584747
Номер карты зачисления: 4558445885585555
Сумма списания: 500000 RUR
Комиссия за перевод: 5000 RUR
Общая сумма списания: 505000 RUR
Остаток по карте: 97980000
Результат операции: The operation was successful.

[2023/07/17 22:32:07]
Операция в системе: №5
Операция по карте: №5
Номер карты списания: 4558445885584747
Номер карты зачисления: 4558445885585555
Сумма списания: 500000 RUR
Комиссия за перевод: 5000 RUR
Общая сумма списания: 505000 RUR
Остаток по карте: 97475000
Результат операции: The operation was successful.

[2023/07/17 22:32:14]
Операция в системе: №6
Операция по карте: №6
Номер карты списания: 4558445885584747
Номер карты зачисления: 4558445885585555
Сумма списания: 5000000 RUR
Комиссия за перевод: 50000 RUR
Общая сумма списания: 5050000 RUR
Остаток по карте: 92425000
Результат операции: The operation was successful.

[2023/07/17 22:32:17]
Операция в системе: №7
Операция по карте: №7
Номер карты списания: 4558445885584747
Номер карты зачисления: 4558445885585555
Сумма списания: 5000000 RUR
Комиссия за перевод: 50000 RUR
Общая сумма списания: 5050000 RUR
Остаток по карте: 87375000
Результат операции: The operation was successful.

[2023/07/17 22:32:19]
Операция в системе: №8
Операция по карте: №8
Номер карты списания: 4558445885584747
Номер карты зачисления: 4558445885585555
Сумма списания: 5000000 RUR
Комиссия за перевод: 50000 RUR
Общая сумма списания: 5050000 RUR
Остаток по карте: 82325000
Результат операции: The operation was successful.

[2023/07/17 22:32:20]
Операция в системе: №9
Операция по карте: №9
Номер карты списания: 4558445885584747
Номер карты зачисления: 4558445885585555
Сумма списания: 5000000 RUR
Комиссия за перевод: 50000 RUR
Общая сумма списания: 5050000 RUR
Остаток по карте: 77275000
Результат операции: The operation was successful.

[2023/07/17 22:32:30]
Операция в системе: №10
Операция по карте: №10
Номер карты списания: 4558445885584747
Номер карты зачисления: 4558445885585555
Сумма списания: 5000000 RUR
Комиссия за перевод: 50000 RUR
Общая сумма списания: 5050000 RUR
Остаток по карте: 72225000
Результат операции: The operation was successful.

[2023/07/17 22:32:33]
Операция в системе: №11
Операция по карте: №11
Номер карты списания: 4558445885584747
Номер карты зачисления: 4558445885585555
Сумма списания: 5000000 RUR
Комиссия за перевод: 50000 RUR
Общая сумма списания: 5050000 RUR
Остаток по карте: 67175000
Результат операции: The operation was successful.

[2023/07/17 22:32:36]
Операция в системе: №12
Операция по карте: №12
Номер карты списания: 4558445885584747
Номер карты зачисления: 4558445885585555
Сумма списания: 5000000 RUR
Комиссия за перевод: 50000 RUR
Общая сумма списания: 5050000 RUR
Остаток по карте: 62125000
Результат операции: The operation was successful.

[2023/07/17 22:32:52]
Операция в системе: №13
Операция по карте: №13
Номер карты списания: 4558445885584747
Номер карты зачисления: 4558445885585555
Сумма списания: 5000000 RUR
Комиссия за перевод: 50000 RUR
Общая сумма списания: 5050000 RUR
Остаток по карте: 57075000
Результат операции: The operation was successful.

[2023/07/17 22:32:53]
Операция в системе: №14
Операция по карте: №14
Номер карты списания: 4558445885584747
Номер карты зачисления: 4558445885585555
Сумма списания: 5000000 RUR
Комиссия за перевод: 50000 RUR
Общая сумма списания: 5050000 RUR
Остаток по карте: 52025000
Результат операции: The operation was successful.

[2023/07/17 22:32:54]
Операция в системе: №15
Операция по карте: №15
Номер карты списания: 4558445885584747
Номер карты зачисления: 4558445885585555
Сумма списания: 5000000 RUR
Комиссия за перевод: 50000 RUR
Общая сумма списания: 5050000 RUR
Остаток по карте: 46975000
Результат операции: The operation was successful.

[2023/07/17 22:32:55]
Операция в системе: №16
Операция по карте: №16
Номер карты списания: 4558445885584747
Номер карты зачисления: 4558445885585555
Сумма списания: 5000000 RUR
Комиссия за перевод: 50000 RUR
Общая сумма списания: 5050000 RUR
Остаток по карте: 41925000
Результат операции: The operation was successful.

[2023/07/17 22:33:00]
Операция в системе: №17
Операция по карте: №17
Номер карты списания: 4558445885584747
Номер карты зачисления: 4558445885585555
Сумма списания: 5000000 RUR
Комиссия за перевод: 50000 RUR
Общая сумма списания: 5050000 RUR
Остаток по карте: 36875000
Результат операции: The operation was successful.

[2023/07/17 22:33:01]
Операция в системе: №18
Операция по карте: №18
Номер карты списания: 4558445885584747
Номер карты зачисления: 4558445885585555
Сумма списания: 5000000 RUR
Комиссия за перевод: 50000 RUR
Общая сумма списания: 5050000 RUR
Остаток по карте: 31825000
Результат операции: The operation was successful.

[2023/07/17 22:33:04]
Операция в системе: №19
Операция по карте: №19
Номер карты списания: 4558445885584747
Номер карты зачисления: 4558445885585555
Сумма списания: 5000000 RUR
Комиссия за перевод: 50000 RUR
Общая сумма списания: 5050000 RUR
Остаток по карте: 26775000
Результат операции: The operation was successful.

[2023/07/17 22:33:05]
Операция в системе: №20
Операция по карте: №20
Номер карты списания: 4558445885584747
Номер карты зачисления: 4558445885585555
Сумма списания: 5000000 RUR
Комиссия за перевод: 50000 RUR
Общая сумма списания: 5050000 RUR
Остаток по карте: 21725000
Результат операции: The operation was successful.

[2023/07/17 22:33:06]
Операция в системе: №21
Операция по карте: №21
Номер карты списания: 4558445885584747
Номер карты зачисления: 4558445885585555
Сумма списания: 5000000 RUR
Комиссия за перевод: 50000 RUR
Общая сумма списания: 5050000 RUR
Остаток по карте: 16675000
Результат операции: The operation was successful.

[2023/07/17 22:33:12]
Операция в системе: №22
Операция по карте: №22
Номер карты списания: 4558445885584747
Номер карты зачисления: 4558445885585555
Сумма списания: 5000000 RUR
Комиссия за перевод: 50000 RUR
Общая сумма списания: 5050000 RUR
Остаток по карте: 11625000
Результат операции: The operation was successful.

[2023/07/17 22:33:13]
Операция в системе: №23
Операция по карте: №23
Номер карты списания: 4558445885584747
Номер карты зачисления: 4558445885585555
Сумма списания: 5000000 RUR
Комиссия за перевод: 50000 RUR
Общая сумма списания: 5050000 RUR
Остаток по карте: 6575000
Результат операции: The operation was successful.

[2023/07/17 22:33:14]
Операция в системе: №24
Операция по карте: №24
Номер карты списания: 4558445885584747
Номер карты зачисления: 4558445885585555
Сумма списания: 5000000 RUR
Комиссия за перевод: 50000 RUR
Общая сумма списания: 5050000 RUR
Остаток по карте: 1525000
Результат операции: The operation was successful.

[2023/07/17 22:34:51]
Операция в системе: №1
Операция по карте: №1
Номер карты списания: 4558445885584747
Номер карты зачисления: 4558445885585555
Сумма списания: 50000000 RUR
Комиссия за перевод: 500000 RUR
Общая сумма списания: 50500000 RUR
Остаток по карте: 49500000
Результат операции: The operation was successful.

[2023/07/17 22:47:21]
Операция в системе: №1
Операция по карте: №1
Номер карты списания: 4558445885584747
Номер карты зачисления: 4558445885585555
Сумма списания: 50000000 RUR
Комиссия за перевод: 500000 RUR
Общая сумма списания: 50500000 RUR
Остаток по карте: 49500000
Результат операции: The operation was successful.

[2023/07/17 22:49:05]
Операция в системе: №2
Операция по карте: №2
Номер карты списания: 4558445885584747
Номер карты зачисления: 4558445885585555
Сумма списания: 50000000 RUR
Комиссия за перевод: 500000 RUR
Общая сумма списания: 50500000 RUR
Остаток по карте: 49500000
Результат операции: The operation is impossible. Low balance.

[2023/07/17 22:49:54]
Операция в системе: №3
Операция по карте: №3
Номер карты списания: 4558445885584747
Номер карты зачисления: 4558445885585555
Сумма списания: 50000000 RUR
Комиссия за перевод: 500000 RUR
Общая сумма списания: 50500000 RUR
Остаток по карте: 49500000
Результат операции: The operation is impossible. Low balance.

[2023/07/17 22:50:30]
Операция в системе: №4
Операция по карте: №4
Номер карты списания: 4558445885584747
Номер карты зачисления: 4558445885585555
Сумма списания: 50000000 RUR
Комиссия за перевод: 500000 RUR
Общая сумма списания: 50500000 RUR
Остаток по карте: 49500000
Результат операции: The operation is impossible. Low balance.

[2023/07/17 22:50:33]
Операция в системе: №5
Операция по карте: №5
Номер карты списания: 4558445885584747
Номер карты зачисления: 4558445885585555
Сумма списания: 50000000 RUR
Комиссия за перевод: 500000 RUR
Общая сумма списания: 50500000 RUR
Остаток по карте: 49500000
Результат операции: The operation is impossible. Low balance.

[2023/07/17 22:50:35]
Операция в системе: №6
Операция по карте: №6
Номер карты списания: 4558445885584747
Номер карты зачисления: 4558445885585555
Сумма списания: 50000000 RUR
Комиссия за перевод: 500000 RUR
Общая сумма списания: 50500000 RUR
Остаток по карте: 49500000
Результат операции: The operation is impossible. Low balance.

[2023/07/17 22:51:04]
Операция в системе: №1
Операция по карте: №1
Номер карты списания: 4558445885584747
Номер карты зачисления: 4558445885585555
Сумма списания: 50000000 RUR
Комиссия за перевод: 500000 RUR
Общая сумма списания: 50500000 RUR
Остаток по карте: 49500000
Результат операции: The operation was successful.

[2023/07/17 22:51:06]
Операция в системе: №2
Операция по карте: №2
Номер карты списания: 4558445885584747
Номер карты зачисления: 4558445885585555
Сумма списания: 50000000 RUR
Комиссия за перевод: 500000 RUR
Общая сумма списания: 50500000 RUR
Остаток по карте: 49500000
Результат операции: The operation is impossible. Low balance.

[2023/07/17 22:55:45]
Операция в системе: №1
Операция по карте: №1
Номер карты списания: 4558445885584747
Номер карты зачисления: 4558445885585555
Сумма списания: 50000000 RUR
Комиссия за перевод: 500000 RUR
Общая сумма списания: 50500000 RUR
Остаток по карте: 49500000
Результат операции: The operation was successful.

[2023/07/17 22:55:47]
Операция в системе: №2
Операция по карте: №2
Номер карты списания: 4558445885584747
Номер карты зачисления: 4558445885585555
Сумма списания: 50000000 RUR
Комиссия за перевод: 500000 RUR
Общая сумма списания: 50500000 RUR
Остаток по карте: 49500000
Результат операции: The operation is impossible. Low balance.
Amount requested for transfer: 50500000RUR.
Funds available: 49500000RUR

[2023/07/17 23:05:47]
Операция в системе: №1
Операция по карте: №1
Номер карты списания: 4558445885584747
Номер карты зачисления: 4558445885585555
Сумма списания: 50000000 RUR
Комиссия за перевод: 500000 RUR
Общая сумма списания: 50500000 RUR
Остаток по карте: 49500000
Результат операции: The operation was successful.

[2023/07/17 23:05:59]
Операция в системе: №3
Операция по карте: №3
Номер карты списания: 4558445885584747
Номер карты зачисления: 4558445885585555
Сумма списания: 50000000 RUR
Комиссия за перевод: 500000 RUR
Общая сумма списания: 50500000 RUR
Остаток по карте: 49500000
Результат операции: The operation is impossible. Low balance.
Amount requested for transfer: 50500000 RUR.
Funds available: 49500000 RUR

[2023/07/17 23:08:23]
Операция в системе: №1
Операция по карте: №1
Номер карты списания: 4558445885584747
Номер карты зачисления: 4558445885585555
Сумма списания: 50000000 RUR
Комиссия за перевод: 500000 RUR
Общая сумма списания: 50500000 RUR
Остаток по карте: 49500000
Результат операции: The operation was successful.

[2023/07/17 23:08:25]
Операция в системе: №2
Операция по карте: №2
Номер карты списания: 4558445885584747
Номер карты зачисления: 4558445885585555
Сумма списания: 50000000 RUR
Комиссия за перевод: 500000 RUR
Общая сумма списания: 50500000 RUR
Остаток по карте: 49500000
Результат операции: The operation is impossible. Low balance.
Amount requested for transfer: 50500000 RUR.
Funds available: 49500000 RUR

[2023/07/17 23:08:29]
Операция в системе: №3
Операция по карте: №3
Номер карты списания: 4558445885584747
Номер карты зачисления: 4558445885585555
Сумма списания: 50000000 RUR
Комиссия за перевод: 500000 RUR
Общая сумма списания: 50500000 RUR
Остаток по карте: 49500000
Результат операции: The operation is impossible. Low balance.
Amount requested for transfer: 50500000 RUR.
Funds available: 49500000 RUR

[2023/07/17 23:08:46]
Операция в системе: №4
Операция по карте: №4
Номер карты списания: 4558445885584747
Номер карты зачисления: 4558445885585555
Сумма списания: 50000000 RUR
Комиссия за перевод: 500000 RUR
Общая сумма списания: 50500000 RUR
Остаток по карте: 49500000
Результат операции: The operation is impossible. Low balance.
Amount requested for transfer: 50500000 RUR.
Funds available: 49500000 RUR

[2023/07/17 23:08:49]
Операция в системе: №5
Операция по карте: №5
Номер карты списания: 4558445885584747
Номер карты зачисления: 4558445885585555
Сумма списания: 50000000 RUR
Комиссия за перевод: 500000 RUR
Общая сумма списания: 50500000 RUR
Остаток по карте: 49500000
Результат операции: The operation is impossible. Low balance.
Amount requested for transfer: 50500000 RUR.
Funds available: 49500000 RUR

[2023/07/17 23:08:51]
Операция в системе: №6
Операция по карте: №6
Номер карты списания: 4558445885584747
Номер карты зачисления: 4558445885585555
Сумма списания: 50000000 RUR
Комиссия за перевод: 500000 RUR
Общая сумма списания: 50500000 RUR
Остаток по карте: 49500000
Результат операции: The operation is impossible. Low balance.
Amount requested for transfer: 50500000 RUR.
Funds available: 49500000 RUR

[2023/07/17 23:08:54]
Операция в системе: №7
Операция по карте: №7
Номер карты списания: 4558445885584747
Номер карты зачисления: 4558445885585555
Сумма списания: 50000000 RUR
Комиссия за перевод: 500000 RUR
Общая сумма списания: 50500000 RUR
Остаток по карте: 49500000
Результат операции: The operation is impossible. Low balance.
Amount requested for transfer: 50500000 RUR.
Funds available: 49500000 RUR

[2023/07/17 23:08:58]
Операция в системе: №8
Операция по карте: №8
Номер карты списания: 4558445885584747
Номер карты зачисления: 4558445885585555
Сумма списания: 50000000 RUR
Комиссия за перевод: 500000 RUR
Общая сумма списания: 50500000 RUR
Остаток по карте: 49500000
Результат операции: The operation is impossible. Low balance.
Amount requested for transfer: 50500000 RUR.
Funds available: 49500000 RUR

[2023/07/17 23:09:05]
Операция в системе: №9
Операция по карте: №9
Номер карты списания: 4558445885584747
Номер карты зачисления: 4558445885585555
Сумма списания: 50000000 RUR
Комиссия за перевод: 500000 RUR
Общая сумма списания: 50500000 RUR
Остаток по карте: 49500000
Результат операции: The operation is impossible. Low balance.
Amount requested for transfer: 50500000 RUR.
Funds available: 49500000 RUR

[2023/07/17 23:09:13]
Операция в системе: №10
Операция по карте: №1
Номер карты списания: 455844588558477
Номер карты зачисления: 4558445885585555
Сумма списания: 50000000 RUR
Комиссия за перевод: 500000 RUR
Общая сумма списания: 50500000 RUR
Остаток по карте: 49500000
Результат операции: The operation was successful.

[2023/07/17 23:09:29]
Операция в системе: №11
Операция по карте: №1
Номер карты списания: 4558445885582477
Номер карты зачисления: 4558445885585555
Сумма списания: 50000000 RUR
Комиссия за перевод: 500000 RUR
Общая сумма списания: 50500000 RUR
Остаток по карте: 49500000
Результат операции: The operation was successful.

[2023/07/17 23:09:34]
Операция в системе: №12
Операция по карте: №2
Номер карты списания: 4558445885582477
Номер карты зачисления: 4558445885585555
Сумма списания: 50000000 RUR
Комиссия за перевод: 500000 RUR
Общая сумма списания: 50500000 RUR
Остаток по карте: 49500000
Результат операции: The operation is impossible. Low balance.
Amount requested for transfer: 50500000 RUR.
Funds available: 49500000 RUR

[2023/07/17 23:16:09]
Операция в системе: №1
Операция по карте: №1
Номер карты списания: 4558445885584746
Номер карты зачисления: 4558445885585555
Сумма списания: 50000 RUR
Комиссия за перевод: 500 RUR
Общая сумма списания: 50500 RUR
Остаток по карте: 99949500
Результат операции: The operation was successful.

[2023/07/17 23:16:23]
Операция в системе: №2
Операция по карте: №2
Номер карты списания: 4558445885584746
Номер карты зачисления: 4558445885585555
Сумма списания: 50000 RUR
Комиссия за перевод: 500 RUR
Общая сумма списания: 50500 RUR
Остаток по карте: 99899000
Результат операции: The operation was successful.

[2023/07/17 23:16:26]
Операция в системе: №3
Операция по карте: №3
Номер карты списания: 4558445885584746
Номер карты зачисления: 4558445885585555
Сумма списания: 50000 RUR
Комиссия за перевод: 500 RUR
Общая сумма списания: 50500 RUR
Остаток по карте: 99848500
Результат операции: The operation was successful.

[2023/07/17 23:16:34]
Операция в системе: №4
Операция по карте: №1
Номер карты списания: 4558445885584747
Номер карты зачисления: 4558445885585555
Сумма списания: 500000000000 RUR
Комиссия за перевод: 5000000000 RUR
Общая сумма списания: 505000000000 RUR
Остаток по карте: 100000000
Результат операции: The operation is impossible. Low balance.
Amount requested for transfer: 505000000000 RUR.
Funds available: 100000000 RUR

[2023/07/17 23:16:36]
Операция в системе: №5
Операция по карте: №2
Номер карты списания: 4558445885584747
Номер карты зачисления: 4558445885585555
Сумма списания: 500000000000 RUR
Комиссия за перевод: 5000000000 RUR
Общая сумма списания: 505000000000 RUR
Остаток по карте: 100000000
Результат операции: The operation is impossible. Low balance.
Amount requested for transfer: 505000000000 RUR.
Funds available: 100000000 RUR

[2023/07/17 23:16:37]
Операция в системе: №6
Операция по карте: №3
Номер карты списания: 4558445885584747
Номер карты зачисления: 4558445885585555
Сумма списания: 500000000000 RUR
Комиссия за перевод: 5000000000 RUR
Общая сумма списания: 505000000000 RUR
Остаток по карте: 100000000
Результат операции: The operation is impossible. Low balance.
Amount requested for transfer: 505000000000 RUR.
Funds available: 100000000 RUR

[2023/07/17 23:16:40]
Операция в системе: №7
Операция по карте: №4
Номер карты списания: 4558445885584747
Номер карты зачисления: 4558445885585555
Сумма списания: 500000000000 RUR
Комиссия за перевод: 5000000000 RUR
Общая сумма списания: 505000000000 RUR
Остаток по карте: 100000000
Результат операции: The operation is impossible. Low balance.
Amount requested for transfer: 505000000000 RUR.
Funds available: 100000000 RUR

[2023/07/17 23:16:53]
Операция в системе: №8
Операция по карте: №5
Номер карты списания: 4558445885584747
Номер карты зачисления: 4558445885585555
Сумма списания: 50000000000000 RUR
Комиссия за перевод: 500000000000 RUR
Общая сумма списания: 50500000000000 RUR
Остаток по карте: 100000000
Результат операции: The operation is impossible. Low balance.
Amount requested for transfer: 50500000000000 RUR.
Funds available: 100000000 RUR

[2023/07/17 23:17:20]
Операция в системе: №9
Операция по карте: №6
Номер карты списания: 4558445885584747
Номер карты зачисления: 4558445885585555
Сумма списания: 50000 RUR
Комиссия за перевод: 500 RUR
Общая сумма списания: 50500 RUR
Остаток по карте: 99949500
Результат операции: The operation was successful.

[2023/07/17 23:17:30]
Операция в системе: №10
Операция по карте: №7
Номер карты списания: 4558445885584747
Номер карты зачисления: 4558445885585555
Сумма списания: 500000000000 RUR
Комиссия за перевод: 5000000000 RUR
Общая сумма списания: 505000000000 RUR
Остаток по карте: 99949500
Результат операции: The operation is impossible. Low balance.
Amount requested for transfer: 505000000000 RUR.
Funds available: 99949500 RUR

[2023/07/17 23:17:32]
Операция в системе: №11
Операция по карте: №8
Номер карты списания: 4558445885584747
Номер карты зачисления: 4558445885585555
Сумма списания: 500000000000 RUR
Комиссия за перевод: 5000000000 RUR
Общая сумма списания: 505000000000 RUR
Остаток по карте: 99949500
Результат операции: The operation is impossible. Low balance.
Amount requested for transfer: 505000000000 RUR.
Funds available: 99949500 RUR

[2023/07/17 23:17:33]
Операция в системе: №12
Операция по карте: №9
Номер карты списания: 4558445885584747
Номер карты зачисления: 4558445885585555
Сумма списания: 500000000000 RUR
Комиссия за перевод: 5000000000 RUR
Общая сумма списания: 505000000000 RUR
Остаток по карте: 99949500
Результат операции: The operation is impossible. Low balance.
Amount requested for transfer: 505000000000 RUR.
Funds available: 99949500 RUR

[2023/07/18 22:06:57]
Операция в системе: №1
Операция по карте: №1
Номер карты списания: 2321232321312332
Номер карты зачисления: 1232142412412421
Сумма списания: 11100 RUR
Комиссия за перевод: 111 RUR
Общая сумма списания: 11211 RUR
Остаток по карте: 99988789
Результат операции: The operation was successful.

[2023/07/18 22:09:00]
Операция в системе: №2
Операция по карте: №1
Номер карты списания: 1232132321323213
Номер карты зачисления: 2312321312321321
Сумма списания: 23332100 RUR
Комиссия за перевод: 233321 RUR
Общая сумма списания: 23565421 RUR
Остаток по карте: 76434579
Результат операции: The operation was successful.

[2023/07/18 22:09:44]
Операция в системе: №3
Операция по карте: №2
Номер карты списания: 1232132321323213
Номер карты зачисления: 2312321312321321
Сумма списания: 23332100 RUR
Комиссия за перевод: 233321 RUR
Общая сумма списания: 23565421 RUR
Остаток по карте: 52869158
Результат операции: The operation was successful.

[2023/07/18 22:09:57]
Операция в системе: №4
Операция по карте: №3
Номер карты списания: 1232132321323213
Номер карты зачисления: 2312321312321321
Сумма списания: 23332100 RUR
Комиссия за перевод: 233321 RUR
Общая сумма списания: 23565421 RUR
Остаток по карте: 29303737
Результат операции: The operation was successful.

[2023/07/18 22:10:11]
Операция в системе: №5
Операция по карте: №4
Номер карты списания: 1232132321323213
Номер карты зачисления: 2312321312321321
Сумма списания: 23332100 RUR
Комиссия за перевод: 233321 RUR
Общая сумма списания: 23565421 RUR
Остаток по карте: 5738316
Результат операции: The operation was successful.

[2023/07/18 22:10:47]
Операция в системе: №6
Операция по карте: №1
Номер карты списания: 3123123123123213
Номер карты зачисления: 1342124242142224
Сумма списания: 4422100 RUR
Комиссия за перевод: 44221 RUR
Общая сумма списания: 4466321 RUR
Остаток по карте: 95533679
Результат операции: The operation was successful.

[2023/07/18 22:11:23]
Операция в системе: №7
Операция по карте: №1
Номер карты списания: 2132132312312323
Номер карты зачисления: 3213232313131323
Сумма списания: 22200 RUR
Комиссия за перевод: 222 RUR
Общая сумма списания: 22422 RUR
Остаток по карте: 99977578
Результат операции: The operation was successful.

[2023/07/18 22:12:30]
Операция в системе: №1
Операция по карте: №1
Номер карты списания: 2132132312312323
Номер карты зачисления: 3213232313131323
Сумма списания: 22200 RUR
Комиссия за перевод: 222 RUR
Общая сумма списания: 22422 RUR
Остаток по карте: 99977578
Результат операции: The operation was successful.

[2023/07/18 22:13:16]
Операция в системе: №2
Операция по карте: №1
Номер карты списания: 2132321321323232
Номер карты зачисления: 3213232312322111
Сумма списания: 22312300 RUR
Комиссия за перевод: 223123 RUR
Общая сумма списания: 22535423 RUR
Остаток по карте: 77464577
Результат операции: The operation was successful.

[2023/07/18 22:15:20]
Операция в системе: №3
Операция по карте: №1
Номер карты списания: 1221232123213232
Номер карты зачисления: 1231232321232321
Сумма списания: 2222222222222222400000 RUR
Комиссия за перевод: 22222222222222224000 RUR
Общая сумма списания: 2244444444444444624000 RUR
Остаток по карте: 100000000
Результат операции: The operation is impossible. Low balance.
Amount requested for transfer: 2.244444444444444624E+21 RUR.
Funds available: 100000000 RUR

[2023/07/18 22:15:54]
Операция в системе: №4
Операция по карте: №2
Номер карты списания: 1221232123213232
Номер карты зачисления: 1231232321232321
Сумма списания: 2222200 RUR
Комиссия за перевод: 22222 RUR
Общая сумма списания: 2244422 RUR
Остаток по карте: 97755578
Результат операции: The operation was successful.

[2023/07/18 22:16:19]
Операция в системе: №5
Операция по карте: №3
Номер карты списания: 1221232123213232
Номер карты зачисления: 1231232321232321
Сумма списания: 2222200 RUR
Комиссия за перевод: 22222 RUR
Общая сумма списания: 2244422 RUR
Остаток по карте: 95511156
Результат операции: The operation was successful.

[2023/07/18 22:17:13]
Операция в системе: №1
Операция по карте: №1
Номер карты списания: 1221232123213232
Номер карты зачисления: 1231232321232321
Сумма списания: 2222200 RUR
Комиссия за перевод: 22222 RUR
Общая сумма списания: 2244422 RUR
Остаток по карте: 97755578
Результат операции: The operation was successful.

